<?xml version="1.0" encoding="UTF-8"?>
<!-- Generated by org.testng.reporters.JUnitXMLReporter -->
<testsuite ignored="0" hostname="DESKTOP-HTFTRU6" failures="0" tests="4" name="Default test" time="114.313" errors="0" timestamp="2023-07-14T12:59:31 CEST">
  <testcase classname="com.tests.PlaceOrderTests" name="placeOrderAndRegisterWhileCheckout" time="25.177"/>
  <testcase classname="com.tests.PlaceOrderTests" name="placeOrderAndLoginWhileCheckout" time="36.098"/>
  <testcase classname="com.tests.PlaceOrderTests" name="placeOrderBeeingLogin" time="20.558"/>
  <testcase classname="com.tests.PlaceOrderTests" name="removeCreatedAccount" time="22.042"/>
</testsuite> <!-- Default test -->
