<?xml version="1.0" encoding="UTF-8"?>
<!-- Generated by org.testng.reporters.JUnitXMLReporter -->
<testsuite ignored="3" hostname="DESKTOP-HTFTRU6" failures="0" tests="1" name="Default test" time="13.362" errors="0" timestamp="2023-07-14T13:58:47 CEST">
  <testcase classname="tests.LoginTests" name="loginWithCorrectData" time="10.168"/>
  <testcase classname="tests.LoginTests" name="loginWithIncorrectData" time="0.0">
    <ignored/>
  </testcase> <!-- loginWithIncorrectData -->
  <testcase classname="tests.LoginTests" name="logoutLoggedUser" time="0.0">
    <ignored/>
  </testcase> <!-- logoutLoggedUser -->
  <testcase classname="tests.LoginTests" name="verifyLoginFieldsAreRequired" time="0.0">
    <ignored/>
  </testcase> <!-- verifyLoginFieldsAreRequired -->
</testsuite> <!-- Default test -->
