<?xml version="1.0" encoding="UTF-8"?>
<!-- Generated by org.testng.reporters.JUnitXMLReporter -->
<testsuite ignored="0" hostname="DESKTOP-HTFTRU6" failures="0" tests="3" name="Test2" time="21.855" errors="0" timestamp="2023-04-16T13:13:35 CEST">
  <testcase classname="com.tests.BuyProductTest" name="buyOneProduct" time="7.979"/>
  <testcase classname="com.tests.BuyProductTest" name="buyFewProducts" time="14.529"/>
  <testcase classname="com.tests.BuyProductTest" name="checkOrder" time="4.501"/>
</testsuite> <!-- Test2 -->
