<?xml version="1.0" encoding="UTF-8"?>
<testng-results ignored="3" total="4" passed="1" failed="0" skipped="0">
  <reporter-output>
  </reporter-output>
  <suite started-at="2023-07-14T13:58:33 CEST" name="Default suite" finished-at="2023-07-14T13:58:47 CEST" duration-ms="13362">
    <groups>
    </groups>
    <test started-at="2023-07-14T13:58:33 CEST" name="Default test" finished-at="2023-07-14T13:58:47 CEST" duration-ms="13362">
      <class name="tests.LoginTests">
        <test-method is-config="true" signature="initializeDriver()[pri:0, instance:tests.LoginTests@123ef382]" started-at="2023-07-14T13:58:33 CEST" name="initializeDriver" finished-at="2023-07-14T13:58:36 CEST" duration-ms="2995" status="PASS">
          <reporter-output>
          </reporter-output>
        </test-method> <!-- initializeDriver -->
        <test-method signature="loginWithCorrectData()[pri:0, instance:tests.LoginTests@123ef382]" started-at="2023-07-14T13:58:36 CEST" name="loginWithCorrectData" finished-at="2023-07-14T13:58:46 CEST" duration-ms="10168" status="PASS">
          <reporter-output>
          </reporter-output>
        </test-method> <!-- loginWithCorrectData -->
        <test-method is-config="true" signature="tearDown()[pri:0, instance:tests.LoginTests@123ef382]" started-at="2023-07-14T13:58:46 CEST" name="tearDown" finished-at="2023-07-14T13:58:47 CEST" duration-ms="182" status="PASS">
          <reporter-output>
          </reporter-output>
        </test-method> <!-- tearDown -->
      </class> <!-- tests.LoginTests -->
    </test> <!-- Default test -->
  </suite> <!-- Default suite -->
</testng-results>
