<?xml version="1.0" encoding="UTF-8"?>
<!-- Generated by org.testng.reporters.JUnitXMLReporter -->
<testsuite ignored="0" hostname="DESKTOP-HTFTRU6" failures="0" tests="25" name="Test" time="203.256" errors="0" timestamp="2023-05-25T10:38:17 CEST">
  <testcase classname="com.tests.CartTests" name="increaceAndVerifyQuantityOfProductInCart_whileIncreasedQuantityInProductDetails" time="4.212"/>
  <testcase classname="com.tests.CartTests" name="verifyProductsAreAddedCorectlyToCart" time="8.782"/>
  <testcase classname="com.tests.CartTests" name="verifyProductIsAddedCorectlyToCart" time="10.754"/>
  <testcase classname="com.tests.CartTests" name="increaceAndVerifyQuantityOfProductInCart_byAddingTwiceTheSameProduct" time="4.262"/>
  <testcase classname="com.tests.CartTests" name="verifyrProduct_priceQuantityTotalMultiplied" time="6.788"/>
  <testcase classname="com.tests.CartTests" name="verifyrProduct_TotalAmount" time="21.903"/>
  <testcase classname="com.tests.ExternalLinksTests" name="verifyVideoTutorialsResponseCode" time="1.025"/>
  <testcase classname="com.tests.ContactUsTests" name="sendQuestionWithFile" time="4.078"/>
  <testcase classname="com.tests.LoginTests" name="loginWithCorrectData" time="2.781"/>
  <testcase classname="com.tests.LoginTests" name="logoutLoggedUser" time="4.781"/>
  <testcase classname="com.tests.LoginTests" name="loginWithIncorrectData" time="2.278"/>
  <testcase classname="com.tests.LoginTests" name="verifyLoginFieldsAreRequired" time="0.488"/>
  <testcase classname="com.tests.PlaceOrderTests" name="placeOrderAndRegisterWhileCheckout" time="17.251"/>
  <testcase classname="com.tests.PlaceOrderTests" name="placeOrderAndLoginWhileCheckout" time="15.176"/>
  <testcase classname="com.tests.ProductsTests" name="verifyProductDetailsValue" time="2.394"/>
  <testcase classname="com.tests.ProductsTests" name="verifyAllProductsRelatedToSearchAreVisible" time="4.855"/>
  <testcase classname="com.tests.PlaceOrderTests" name="placeOrderBeeingLogin" time="32.783"/>
  <testcase classname="com.tests.SignupTests" name="signinWithExsistingEmail" time="0.959"/>
  <testcase classname="com.tests.SignupTests" name="signinWithCorrectData" time="5.632"/>
  <testcase classname="com.tests.ProductsTests" name="verifyProductDetailsVisibility" time="7.691"/>
  <testcase classname="com.tests.SignupTests" name="verifySignupFieldsAreRequired" time="0.982"/>
  <testcase classname="com.tests.CartTests" name="removeProductFromCart" time="5.226"/>
  <testcase classname="com.tests.CartTests" name="removeAllProductFromCart" time="5.593"/>
  <testcase classname="com.tests.PlaceOrderTests" name="removeCreatedAccount" time="7.178"/>
  <testcase classname="com.tests.SignupTests" name="removeCreatedAccount" time="7.578"/>
</testsuite> <!-- Test -->
